<?xml version="1.0" encoding="UTF-8"?>
<testsuite xmlns:xsi="http://www.w3.org/2001/XMLSchema-instance" xsi:noNamespaceSchemaLocation="https://maven.apache.org/surefire/maven-surefire-plugin/xsd/surefire-test-report-3.0.xsd" version="3.0" name="TestSuite" time="0.4" tests="4" errors="0" skipped="0" failures="0">
  <properties>
    <property name="sun.desktop" value="windows"/>
    <property name="awt.toolkit" value="sun.awt.windows.WToolkit"/>
    <property name="java.specification.version" value="11"/>
    <property name="sun.cpu.isalist" value="amd64"/>
    <property name="sun.jnu.encoding" value="Cp1252"/>
    <property name="java.class.path" value="C:\Users\SARTHAK\Sarthak_Learning\Maven_Jenkins\target\test-classes;C:\Users\SARTHAK\Sarthak_Learning\Maven_Jenkins\target\classes;C:\Users\SARTHAK\.m2\repository\org\testng\testng\7.4.0\testng-7.4.0.jar;C:\Users\SARTHAK\.m2\repository\com\beust\jcommander\1.78\jcommander-1.78.jar;C:\Users\SARTHAK\.m2\repository\org\webjars\jquery\3.5.1\jquery-3.5.1.jar;"/>
    <property name="java.vm.vendor" value="Oracle Corporation"/>
    <property name="sun.arch.data.model" value="64"/>
    <property name="user.variant" value=""/>
    <property name="java.vendor.url" value="https://openjdk.java.net/"/>
    <property name="user.timezone" value="Asia/Calcutta"/>
    <property name="java.vm.specification.version" value="11"/>
    <property name="os.name" value="Windows 10"/>
    <property name="sun.java.launcher" value="SUN_STANDARD"/>
    <property name="user.country" value="IN"/>
    <property name="sun.boot.library.path" value="C:\Program Files\Java\jdk-11.0.13\bin"/>
    <property name="sun.java.command" value="C:\Users\SARTHAK\AppData\Local\Temp\surefire17709605917773087116\surefirebooter5398941332033270497.jar C:\Users\SARTHAK\AppData\Local\Temp\surefire17709605917773087116 2022-05-22T22-26-13_330-jvmRun1 surefire15228176976226618766tmp surefire_015064428022207952640tmp"/>
    <property name="jdk.debug" value="release"/>
    <property name="surefire.test.class.path" value="C:\Users\SARTHAK\Sarthak_Learning\Maven_Jenkins\target\test-classes;C:\Users\SARTHAK\Sarthak_Learning\Maven_Jenkins\target\classes;C:\Users\SARTHAK\.m2\repository\org\testng\testng\7.4.0\testng-7.4.0.jar;C:\Users\SARTHAK\.m2\repository\com\beust\jcommander\1.78\jcommander-1.78.jar;C:\Users\SARTHAK\.m2\repository\org\webjars\jquery\3.5.1\jquery-3.5.1.jar;"/>
    <property name="sun.cpu.endian" value="little"/>
    <property name="user.home" value="C:\Users\SARTHAK"/>
    <property name="user.language" value="en"/>
    <property name="java.specification.vendor" value="Oracle Corporation"/>
    <property name="java.version.date" value="2021-10-19"/>
    <property name="java.home" value="C:\Program Files\Java\jdk-11.0.13"/>
    <property name="file.separator" value="\"/>
    <property name="basedir" value="C:\Users\SARTHAK\Sarthak_Learning\Maven_Jenkins"/>
    <property name="java.vm.compressedOopsMode" value="32-bit"/>
    <property name="line.separator" value="&#10;"/>
    <property name="java.specification.name" value="Java Platform API Specification"/>
    <property name="java.vm.specification.vendor" value="Oracle Corporation"/>
    <property name="java.awt.graphicsenv" value="sun.awt.Win32GraphicsEnvironment"/>
    <property name="surefire.real.class.path" value="C:\Users\SARTHAK\AppData\Local\Temp\surefire17709605917773087116\surefirebooter5398941332033270497.jar"/>
    <property name="user.script" value=""/>
    <property name="sun.management.compiler" value="HotSpot 64-Bit Tiered Compilers"/>
    <property name="java.runtime.version" value="11.0.13+10-LTS-370"/>
    <property name="user.name" value="SARTHAK"/>
    <property name="path.separator" value=";"/>
    <property name="os.version" value="10.0"/>
    <property name="java.runtime.name" value="Java(TM) SE Runtime Environment"/>
    <property name="file.encoding" value="Cp1252"/>
    <property name="java.vm.name" value="Java HotSpot(TM) 64-Bit Server VM"/>
    <property name="java.vendor.version" value="18.9"/>
    <property name="localRepository" value="C:\Users\SARTHAK\.m2\repository"/>
    <property name="java.vendor.url.bug" value="https://bugreport.java.com/bugreport/"/>
    <property name="java.io.tmpdir" value="C:\Users\SARTHAK\AppData\Local\Temp\"/>
    <property name="java.version" value="11.0.13"/>
    <property name="user.dir" value="C:\Users\SARTHAK\Sarthak_Learning\Maven_Jenkins"/>
    <property name="os.arch" value="amd64"/>
    <property name="java.vm.specification.name" value="Java Virtual Machine Specification"/>
    <property name="java.awt.printerjob" value="sun.awt.windows.WPrinterJob"/>
    <property name="sun.os.patch.level" value=""/>
    <property name="java.library.path" value="C:\Program Files\Java\jdk-11.0.13\bin;C:\Windows\Sun\Java\bin;C:\Windows\system32;C:\Windows;C:\Program Files\Common Files\Oracle\Java\javapath;C:\Windows\system32;C:\Windows;C:\Windows\System32\Wbem;C:\Windows\System32\WindowsPowerShell\v1.0\;C:\Windows\System32\OpenSSH\;C:\Program Files\Git\cmd;C:\Users\SARTHAK\AppData\Local\Microsoft\WindowsApps;C:\Program Files\Java\jdk-11.0.13\bin;C:\Users\SARTHAK\Desktop\Jars\apache-maven-3.8.5-bin\apache-maven-3.8.5\bin;;."/>
    <property name="java.vendor" value="Oracle Corporation"/>
    <property name="java.vm.info" value="mixed mode"/>
    <property name="java.vm.version" value="11.0.13+10-LTS-370"/>
    <property name="sun.io.unicode.encoding" value="UnicodeLittle"/>
    <property name="java.class.version" value="55.0"/>
  </properties>
  <testcase name="RegressionTestA" classname="test.AllTestCases" time="0.004">
    <system-out><![CDATA[Regression Testcase A
]]></system-out>
  </testcase>
  <testcase name="RegressionTestB" classname="test.AllTestCases" time="0">
    <system-out><![CDATA[Regression Testcase B
]]></system-out>
  </testcase>
  <testcase name="SanityTestA" classname="test.AllTestCases" time="0">
    <system-out><![CDATA[Sanity Testcase A
]]></system-out>
  </testcase>
  <testcase name="SanityTestB" classname="test.AllTestCases" time="0">
    <system-out><![CDATA[Sanity Testcase B
]]></system-out>
  </testcase>
</testsuite>