<?xml version="1.0" encoding="UTF-8"?>
<!-- Generated by org.testng.reporters.JUnitReportReporter -->
<testsuite hostname="LAPTOP-1LI5CG8U" failures="0" tests="4" name="test.AllTestCases" time="0.007" errors="0" timestamp="2022-05-22T22:33:07 IST" skipped="0">
  <testcase classname="test.AllTestCases" name="RegressionTestB" time="0.001"/>
  <system-out/>
  <testcase classname="test.AllTestCases" name="SanityTestB" time="0.000"/>
  <system-out/>
  <testcase classname="test.AllTestCases" name="RegressionTestA" time="0.004"/>
  <system-out/>
  <testcase classname="test.AllTestCases" name="SanityTestA" time="0.002"/>
  <system-out/>
</testsuite> <!-- test.AllTestCases -->
